4.999999999999999584e-02 1.724853297891219768e+02 1.078015698410298739e+02 -6.234320796486315430e+01
5.359389685191704583e-02 1.708849694569192366e+02 1.027428432749962326e+02 -5.752030208355182594e+01
5.744611559547851271e-02 1.691608923533770508e+02 9.780003293310407742e+01 -5.284003525807213464e+01
6.157522387534757752e-02 1.673078558697029052e+02 9.297835236440749895e+01 -4.830993095948724658e+01
6.600112394018159412e-02 1.653210214500972199e+02 8.828277833246714579e+01 -4.393733596422981691e+01
7.074514857121370903e-02 1.631960571241037314e+02 8.371798822400984363e+01 -3.972933096851221535e+01
7.583016390598353029e-02 1.609292441545535155e+02 7.928829761610400340e+01 -3.569263596710243291e+01
8.128067965282489982e-02 1.585175858691665383e+02 7.499759952155795872e+01 -3.183351189530009151e+01
8.712296722734426402e-02 1.559589163798989659e+02 7.084930698522491355e+01 -2.815766035102842579e+01
9.338518638030475494e-02 1.532520065715653743e+02 6.684630072503965437e+01 -2.467012351005200799e+01
1.000975209272620958e-01 1.503966644581816468e+02 6.299088351987305145e+01 -2.137518660352299094e+01
1.072923242341658756e-01 1.473938268062498480e+02 5.928474295982603337e+01 -1.827628552459748335e+01
1.150042751601665497e-01 1.442456388136147609e+02 5.572892397737595616e+01 -1.537592225124728884e+01
1.232705452092690696e-01 1.409555186396211752e+02 5.232381236323558937e+01 -1.267559079884591711e+01
1.321309776965029215e-01 1.375282037201629635e+02 4.906913008424172062e+01 -1.017571633494119965e+01
1.416282797921866454e-01 1.339697760801886659e+02 4.596394288105580728e+01 -7.875609890841161587e+00
1.518082283699380142e-01 1.302876642790799622e+02 4.300668014176444132e+01 -5.773440787187865908e+00
1.627198906506145681e-01 1.264906201887708477e+02 4.019516657618960664e+01 -3.866228457556246667e+00
1.744158607056852106e-01 1.225886694932450780e+02 3.752666478985086940e+01 -2.149854816886119124e+00
1.869525129599765578e-01 1.185930355900934501e+02 3.499792735999219673e+01 -6.190976994361108154e-01
2.003902739156734614e-01 1.145160374354710058e+02 3.260525670750622140e+01 7.323147898970887582e-01
2.147939134072802125e-01 1.103709627688518538e+02 3.034457070166924098e+01 1.911629874812831531e+00
2.302328567913876356e-01 1.061719190347921398e+02 2.821147179268182015e+01 2.926977220470760699e+00
2.467815195759964220e-01 1.019336651492494781e+02 2.620131739838795681e+01 3.787259776777261777e+00
2.645196661023060392e-01 9.767142795746164552e+01 2.430928922446580032e+01 4.502031141699021077e+00
2.835327940078106734e-01 9.340070785798100417e+01 2.253045955969899694e+01 5.081362694597515883e+00
3.039125463238090408e-01 8.913707841583931213e+01 2.085985263232037568e+01 5.535704079349258677e+00
3.257571531936337972e-01 8.489598504410794533e+01 1.929249957106110003e+01 5.875740739396221102e+00
3.491719053406751039e-01 8.069254781311759928e+01 1.782348600011033568e+01 6.112252355172415719e+00
3.742696615683098194e-01 7.654137325138339065e+01 1.644799150723479642e+01 6.255975651271157290e+00
4.011713927378781075e-01 7.245637960734401872e+01 1.516132086199055351e+01 6.317474979452462946e+00
4.300067648466749937e-01 6.845063947937347848e+01 1.395892714661053802e+01 6.307023524741616427e+00
4.609147640163851478e-01 6.453624303020464481e+01 1.283642731741517196e+01 6.234497513296773263e+00
4.940443664043968064e-01 6.072418421227589391e+01 1.178961101469233697e+01 6.109285214019784860e+00
5.295552562669593177e-01 5.702427159336224349e+01 1.081444359425487711e+01 5.940211914482119937e+00
5.676185956352383100e-01 5.344506452578297484e+01 9.907064507091680738e+00 5.735481441564310501e+00
6.084178493140999233e-01 4.999383458665300140e+01 9.063782137123654437e+00 5.502634217916785531e+00
6.521496691801016432e-01 4.667655146856095172e+01 8.281066224863065983e+00 5.248521321905172954e+00
6.990248420410042351e-01 4.349789184546741438e+01 7.555538861567979936e+00 4.979293570638052557e+00
7.492693056254637884e-01 4.046126919750184214e+01 6.883964939817758477e+00 4.700404281917936800e+00
8.031252375999728965e-01 3.756888216371492462e+01 6.263242767515006193e+00 4.416624112759112819e+00
8.608522228620864025e-01 3.482177870575543466e+01 5.690395387490450929e+00 4.132066184701681522e+00
9.227285047362838721e-01 3.221993320641022507e+01 5.162562969134502744e+00 3.850219637195589684e+00
9.890523261032010405e-01 2.976233358396405393e+01 4.676996489627805786e+00 3.573989738355065171e+00
1.060143366926472153e+00 2.744707556464826581e+01 4.231052771306353932e+00 3.305742750641655903e+00
1.136344285106027918e+00 2.527146140239354111e+01 3.822190842409029621e+00 3.047353869069135968e+00
1.218022368084758389e+00 2.323210055177148448e+01 3.447969492304356898e+00 2.800256711074771587e+00
1.305571303169245745e+00 2.132501006537119181e+01 3.106045833842808079e+00 2.565493026194786808e+00
1.399413075097509562e+00 1.954571278509119736e+01 2.794174656550103997e+00 2.343761497551410500e+00
1.500000000000000000e+00 1.788933171088626395e+01 2.510208330698409540e+00 2.135464714917643114e+00
